-------------------------------------------------------------------------------
Test set: com.ls.springboot.SpringbootDay1ApplicationTests
-------------------------------------------------------------------------------
Tests run: 1, Failures: 0, Errors: 1, Skipped: 0, Time elapsed: 2.108 s <<< FAILURE! - in com.ls.springboot.SpringbootDay1ApplicationTests
contextLoads  Time elapsed: 0.002 s  <<< ERROR!
java.lang.IllegalStateException: Failed to load ApplicationContext
Caused by: org.springframework.beans.factory.BeanCreationException: 
Error creating bean with name 'requestMappingHandlerMapping' defined in class path resource [org/springframework/boot/autoconfigure/web/servlet/WebMvcAutoConfiguration$EnableWebMvcConfiguration.class]: Invocation of init method failed; nested exception is java.lang.IllegalStateException: Ambiguous mapping. Cannot map 'timeController' method 
com.ls.springboot.controller.TimeController#timeJson()
to { /json/time}: There is already 'timeController' bean method
com.ls.springboot.controller.TimeController#time() mapped.
Caused by: java.lang.IllegalStateException: 
Ambiguous mapping. Cannot map 'timeController' method 
com.ls.springboot.controller.TimeController#timeJson()
to { /json/time}: There is already 'timeController' bean method
com.ls.springboot.controller.TimeController#time() mapped.

